<?xml version="1.0" encoding="UTF-8"?>
<!-- Generated by org.testng.reporters.JUnitXMLReporter -->
<testsuite hostname="DESKTOP-LMJ10U7" ignored="0" name="Default test" tests="6" failures="0" timestamp="2019-10-13T17:49:21 EDT" time="69.379" errors="0">
  <testcase name="Search" time="1.807" classname="com.extentReportTestng.Extent_Report_Testng"/>
  <testcase name="Search1" time="3.523" classname="com.extentReportTestng.Extent_Report_Testng"/>
  <testcase name="Search2" time="1.157" classname="com.extentReportTestng.Extent_Report_Testng"/>
  <testcase name="Search3" time="0.966" classname="com.extentReportTestng.Extent_Report_Testng"/>
  <testcase name="Search4" time="3.55" classname="com.extentReportTestng.Extent_Report_Testng"/>
  <testcase name="Search5" time="3.96" classname="com.extentReportTestng.Extent_Report_Testng"/>
</testsuite> <!-- Default test -->
